<?xml version="1.0" encoding="UTF-8"?>
<testsuite name="MyfirstRepo"
           tests="2"
           failures="0"
           errors="0"
           skipped="0"
           time="6.327">
    <properties></properties>



            <testcase
                name="testLogin"
                time="5.483"
                classname="com.vapasi.selenium.test.LoginTest">
            </testcase>
            <testcase
                name="TestLogout"
                time="0.844"
                classname="com.vapasi.selenium.test.LoginTest">
            </testcase>
</testsuite>
