<?xml version="1.0" encoding="UTF-8"?>
<testsuite name="MyfirstRepo"
           tests="3"
           failures="0"
           errors="0"
           skipped="0"
           time="23.651">
    <properties></properties>



            <testcase
                name="testLogin"
                time="5.759"
                classname="com.vapasi.selenium.test.LoginTest">
            </testcase>
            <testcase
                name="createNewAccount"
                time="10.717"
                classname="com.vapasi.selenium.test.LoginTest">
            </testcase>
            <testcase
                name="TestLogout"
                time="7.175"
                classname="com.vapasi.selenium.test.LoginTest">
            </testcase>
</testsuite>
